2026-07-10 14:10:52,439 [INFO] =======================================================
2026-07-10 14:10:52,439 [INFO] Pipeline starting for 2026-07-01
2026-07-10 14:10:52,439 [INFO] =======================================================
2026-07-10 14:10:52,441 [INFO] Ingesting for 2026-07-01
2026-07-10 14:10:53,228 [INFO] Cap tiers Ś large:100 mid:150 small:2617
2026-07-10 14:10:53,230 [INFO] [1/8] SBI Large Cap Fund - Direct Growth
2026-07-10 14:10:54,920 [ERROR] Screener fetch failed for 119598: 404 Client Error: Not Found for url: https://www.screener.in/company/sbi-large-cap-fund-direct-plan/
2026-07-10 14:10:54,922 [INFO]   Trying Value Research fallback...
2026-07-10 14:10:56,763 [ERROR] VRO fetch failed for 119598: 403 Client Error: Forbidden for url: https://www.valueresearchonline.com/funds/119598/portfolio/
2026-07-10 14:10:56,764 [WARNING]   No holdings Ś skipping SBI Large Cap Fund - Direct Growth
2026-07-10 14:10:56,764 [INFO] [2/8] Mirae Asset Large Cap Fund - Direct Growth
2026-07-10 14:10:57,797 [ERROR] Screener fetch failed for 118825: 404 Client Error: Not Found for url: https://www.screener.in/company/mirae-asset-large-cap-fund-direct-plan/
2026-07-10 14:10:57,799 [INFO]   Trying Value Research fallback...
2026-07-10 14:11:01,265 [ERROR] VRO fetch failed for 118825: 403 Client Error: Forbidden for url: https://www.valueresearchonline.com/funds/118825/portfolio/
2026-07-10 14:11:01,265 [WARNING]   No holdings Ś skipping Mirae Asset Large Cap Fund - Direct Growth
2026-07-10 14:11:01,265 [INFO] [3/8] Parag Parikh Flexi Cap Fund - Direct Growth
2026-07-10 14:11:02,185 [ERROR] Screener fetch failed for 122639: 404 Client Error: Not Found for url: https://www.screener.in/company/parag-parikh-flexi-cap-fund-direct-plan/
2026-07-10 14:11:02,187 [INFO]   Trying Value Research fallback...
2026-07-10 14:11:14,210 [ERROR] VRO fetch failed for 122639: 403 Client Error: Forbidden for url: https://www.valueresearchonline.com/funds/122639/portfolio/
2026-07-10 14:11:14,218 [WARNING]   No holdings Ś skipping Parag Parikh Flexi Cap Fund - Direct Growth
2026-07-10 14:11:14,220 [INFO] [4/8] Axis Small Cap Fund - Direct Growth
2026-07-10 14:11:15,493 [ERROR] Screener fetch failed for 125354: 404 Client Error: Not Found for url: https://www.screener.in/company/axis-small-cap-fund-direct-plan/
2026-07-10 14:11:15,495 [INFO]   Trying Value Research fallback...
2026-07-10 14:11:16,416 [ERROR] VRO fetch failed for 125354: 403 Client Error: Forbidden for url: https://www.valueresearchonline.com/funds/125354/portfolio/
2026-07-10 14:11:16,416 [WARNING]   No holdings Ś skipping Axis Small Cap Fund - Direct Growth
2026-07-10 14:11:16,416 [INFO] [5/8] Nippon India Small Cap Fund - Direct Growth
2026-07-10 14:11:17,559 [ERROR] Screener fetch failed for 118778: 404 Client Error: Not Found for url: https://www.screener.in/company/nippon-india-small-cap-fund-direct-plan/
2026-07-10 14:11:17,559 [INFO]   Trying Value Research fallback...
2026-07-10 14:11:18,614 [ERROR] VRO fetch failed for 118778: 403 Client Error: Forbidden for url: https://www.valueresearchonline.com/funds/118778/portfolio/
2026-07-10 14:11:18,625 [WARNING]   No holdings Ś skipping Nippon India Small Cap Fund - Direct Growth
2026-07-10 14:11:18,627 [INFO] [6/8] Mirae Asset Large & Midcap Fund - Direct Growth
2026-07-10 14:11:19,798 [ERROR] Screener fetch failed for 118834: 404 Client Error: Not Found for url: https://www.screener.in/company/mirae-asset-large-midcap-fund-direct-plan/
2026-07-10 14:11:19,805 [INFO]   Trying Value Research fallback...
2026-07-10 14:11:21,119 [ERROR] VRO fetch failed for 118834: 403 Client Error: Forbidden for url: https://www.valueresearchonline.com/funds/118834/portfolio/
2026-07-10 14:11:21,121 [WARNING]   No holdings Ś skipping Mirae Asset Large & Midcap Fund - Direct Growth
2026-07-10 14:11:21,127 [INFO] [7/8] Axis ELSS Tax Saver Fund - Direct Growth
2026-07-10 14:11:22,267 [ERROR] Screener fetch failed for 120503: 404 Client Error: Not Found for url: https://www.screener.in/company/axis-long-term-equity-fund-direct-plan/
2026-07-10 14:11:22,267 [INFO]   Trying Value Research fallback...
2026-07-10 14:11:23,394 [ERROR] VRO fetch failed for 120503: 403 Client Error: Forbidden for url: https://www.valueresearchonline.com/funds/120503/portfolio/
2026-07-10 14:11:23,398 [WARNING]   No holdings Ś skipping Axis ELSS Tax Saver Fund - Direct Growth
2026-07-10 14:11:23,401 [INFO] [8/8] Quant ELSS Tax Saver Fund - Direct Growth
2026-07-10 14:11:24,820 [ERROR] Screener fetch failed for 120847: 404 Client Error: Not Found for url: https://www.screener.in/company/quant-tax-plan-direct-plan/
2026-07-10 14:11:24,823 [INFO]   Trying Value Research fallback...
2026-07-10 14:11:30,754 [ERROR] VRO fetch failed for 120847: 403 Client Error: Forbidden for url: https://www.valueresearchonline.com/funds/120847/portfolio/
2026-07-10 14:11:30,754 [WARNING]   No holdings Ś skipping Quant ELSS Tax Saver Fund - Direct Growth
2026-07-10 14:11:30,757 [ERROR] Nothing ingested. All sources failed.
2026-07-10 14:11:30,759 [INFO] Computing scores for 2026-07-01
2026-07-10 14:11:30,949 [ERROR] No holdings in DB for 2026-07-01. Run ingestion first.
2026-07-10 14:11:33,409 [WARNING] Only 0 rows in drift_scores. Backfill more months before training. Skipping.
2026-07-10 14:11:33,496 [INFO] No violations this month Ś no alert sent.
2026-07-10 14:11:33,496 [INFO] Pipeline complete.
